<?xml version="1.0" encoding="UTF-8"?>
<!-- Generated by org.testng.reporters.JUnitXMLReporter -->
<testsuite ignored="0" hostname="ANURAG24" failures="0" tests="1" name="Test" time="0.088" errors="0" timestamp="16 Mar 2021 14:45:54 GMT">
  <testcase classname="com.CrossBrowser.generics.BaseTest" name="@BeforeClass openbrowser" time="0.0">
    <failure type="org.testng.TestNGException" message="
Parameter &amp;apos;browser&amp;apos; is required by BeforeClass on method openbrowser but has not been marked @Optional or defined
in F:\ICSA9-N\CrossBrowserTesting\testng.xml">
      <![CDATA[org.testng.TestNGException: 
Parameter 'browser' is required by BeforeClass on method openbrowser but has not been marked @Optional or defined
in F:\ICSA9-N\CrossBrowserTesting\testng.xml
... Removed 23 stack frames]]>
    </failure>
  </testcase> <!-- @BeforeClass openbrowser -->
  <testcase classname="com.CrossBrowser.generics.BaseTest" name="@BeforeMethod enterURL" time="0.0">
    <skipped/>
  </testcase> <!-- @BeforeMethod enterURL -->
  <testcase classname="com.CrossBrowser.generics.BaseTest" name="@AfterMethod closeBrowser" time="0.0">
    <skipped/>
  </testcase> <!-- @AfterMethod closeBrowser -->
  <testcase classname="com.CrossBrowser.test.ActitimeLogin" name="login" time="0.0">
    <skipped/>
  </testcase> <!-- login -->
</testsuite> <!-- Test -->
