<?xml version="1.0" encoding="UTF-8"?>
<!-- Generated by org.testng.reporters.JUnitReportReporter -->
<testsuite hostname="ANURAG24" failures="0" tests="4" name="com.CrossBrowser.test.ActitimeLogin" time="76.848" errors="1" timestamp="16 Mar 2021 14:50:51 GMT" skipped="1">
  <testcase classname="com.CrossBrowser.test.ActitimeLogin" name="openbrowser" time="21.970">
    <error message="java.lang.NullPointerException: Cannot invoke &quot;java.io.File.getAbsoluteFile()&quot; because the return value of &quot;io.github.bonigarcia.wdm.WebDriverManager.postDownload(java.io.File)&quot; is null" type="io.github.bonigarcia.wdm.WebDriverManagerException">
      <![CDATA[io.github.bonigarcia.wdm.WebDriverManagerException: java.lang.NullPointerException: Cannot invoke "java.io.File.getAbsoluteFile()" because the return value of "io.github.bonigarcia.wdm.WebDriverManager.postDownload(java.io.File)" is null
at io.github.bonigarcia.wdm.WebDriverManager.handleException(WebDriverManager.java:776)
at io.github.bonigarcia.wdm.WebDriverManager.manage(WebDriverManager.java:550)
at io.github.bonigarcia.wdm.WebDriverManager.handleException(WebDriverManager.java:773)
at io.github.bonigarcia.wdm.WebDriverManager.manage(WebDriverManager.java:550)
at io.github.bonigarcia.wdm.WebDriverManager.handleException(WebDriverManager.java:766)
at io.github.bonigarcia.wdm.WebDriverManager.manage(WebDriverManager.java:550)
at io.github.bonigarcia.wdm.WebDriverManager.setup(WebDriverManager.java:260)
at com.CrossBrowser.generics.BaseTest.openbrowser(BaseTest.java:29)
at java.base/jdk.internal.reflect.NativeMethodAccessorImpl.invoke0(Native Method)
at java.base/jdk.internal.reflect.NativeMethodAccessorImpl.invoke(NativeMethodAccessorImpl.java:62)
at java.base/jdk.internal.reflect.DelegatingMethodAccessorImpl.invoke(DelegatingMethodAccessorImpl.java:43)
at java.base/java.lang.reflect.Method.invoke(Method.java:564)
at org.testng.internal.MethodInvocationHelper.invokeMethod(MethodInvocationHelper.java:124)
at org.testng.internal.MethodInvocationHelper.invokeMethodConsideringTimeout(MethodInvocationHelper.java:59)
at org.testng.internal.Invoker.invokeConfigurationMethod(Invoker.java:458)
at org.testng.internal.Invoker.invokeConfigurations(Invoker.java:222)
at org.testng.internal.Invoker.invokeConfigurations(Invoker.java:142)
at org.testng.internal.TestMethodWorker.invokeBeforeClassMethods(TestMethodWorker.java:168)
at org.testng.internal.TestMethodWorker.run(TestMethodWorker.java:105)
at org.testng.TestRunner.privateRun(TestRunner.java:648)
at org.testng.TestRunner.run(TestRunner.java:505)
at org.testng.SuiteRunner.runTest(SuiteRunner.java:455)
at org.testng.SuiteRunner.access$000(SuiteRunner.java:40)
at org.testng.SuiteRunner$SuiteWorker.run(SuiteRunner.java:489)
at org.testng.internal.thread.ThreadUtil$1.call(ThreadUtil.java:52)
at java.base/java.util.concurrent.FutureTask.run(FutureTask.java:264)
at java.base/java.util.concurrent.ThreadPoolExecutor.runWorker(ThreadPoolExecutor.java:1130)
at java.base/java.util.concurrent.ThreadPoolExecutor$Worker.run(ThreadPoolExecutor.java:630)
at java.base/java.lang.Thread.run(Thread.java:832)
Caused by: java.lang.NullPointerException: Cannot invoke "java.io.File.getAbsoluteFile()" because the return value of "io.github.bonigarcia.wdm.WebDriverManager.postDownload(java.io.File)" is null
at io.github.bonigarcia.wdm.Downloader.extract(Downloader.java:202)
at io.github.bonigarcia.wdm.Downloader.downloadAndExtract(Downloader.java:138)
at io.github.bonigarcia.wdm.Downloader.download(Downloader.java:81)
at io.github.bonigarcia.wdm.WebDriverManager.downloadCandidateUrls(WebDriverManager.java:784)
at io.github.bonigarcia.wdm.WebDriverManager.downloadAndExport(WebDriverManager.java:578)
at io.github.bonigarcia.wdm.WebDriverManager.manage(WebDriverManager.java:547)
... 27 more
]]>
    </error>
  </testcase> <!-- openbrowser -->
  <testcase classname="com.CrossBrowser.test.ActitimeLogin" name="login" time="27.117"/>
  <testcase classname="com.CrossBrowser.test.ActitimeLogin" name="login" time="0.000">
    <skipped/>
  </testcase> <!-- login -->
  <testcase classname="com.CrossBrowser.test.ActitimeLogin" name="login" time="27.761"/>
</testsuite> <!-- com.CrossBrowser.test.ActitimeLogin -->
